Removed Pin From Net: NetName=VBAT_BB Pin=C13-1
Removed Pin From Net: NetName=GND Pin=C13-2
Removed Pin From Net: NetName=VBAT_BB Pin=C14-1
Removed Pin From Net: NetName=GND Pin=C14-2
Removed Pin From Net: NetName=VBAT_BB Pin=C15-1
Removed Pin From Net: NetName=GND Pin=C15-2
Removed Pin From Net: NetName=VBAT_BB Pin=C16-1
Removed Pin From Net: NetName=GND Pin=C16-2
Removed Pin From Net: NetName=NetD5_2 Pin=R6-2
Removed Pin From Net: NetName=VDD_EXT Pin=U2-7
Removed Pin From Net: NetName=GND Pin=U2-8
Removed Pin From Net: NetName=GND Pin=U2-9
Removed Pin From Net: NetName=USIM_DATA Pin=U2-15
Removed Pin From Net: NetName=USIM_CLK Pin=U2-16
Removed Pin From Net: NetName=USIM_RST Pin=U2-17
Removed Pin From Net: NetName=GND Pin=U2-19
Removed Pin From Net: NetName=RESET_EN Pin=U2-20
Removed Pin From Net: NetName=PWRKEY Pin=U2-21
Removed Pin From Net: NetName=GND Pin=U2-22
Removed Pin From Net: NetName=ANT_MAIN Pin=U2-49
Removed Pin From Net: NetName=GND Pin=U2-50
Removed Pin From Net: NetName=GND Pin=U2-51
Removed Pin From Net: NetName=GND Pin=U2-52
Removed Pin From Net: NetName=GND Pin=U2-53
Removed Pin From Net: NetName=GND Pin=U2-54
Removed Pin From Net: NetName=GND Pin=U2-56
Removed Pin From Net: NetName=VBAT_BB Pin=U2-57
Removed Pin From Net: NetName=VBAT_BB Pin=U2-58
Removed Pin From Net: NetName=VBAT_BB Pin=U2-59
Removed Pin From Net: NetName=VBAT_BB Pin=U2-60
Removed Pin From Net: NetName=TXD Pin=U2-67
Removed Pin From Net: NetName=RXD Pin=U2-68
Removed Pin From Net: NetName=GND Pin=U2-85
Removed Pin From Net: NetName=GND Pin=U2-86
Removed Pin From Net: NetName=GND Pin=U2-87
Removed Pin From Net: NetName=GND Pin=U2-96
Removed Pin From Net: NetName=GND Pin=U2-97
Removed Pin From Net: NetName=GND Pin=U2-98
Removed Pin From Net: NetName=GND Pin=U2-99
Removed Pin From Net: NetName=GND Pin=U2-100
Removed Pin From Net: NetName=GND Pin=U2-101
Removed Pin From Net: NetName=GND Pin=U2-102
Removed Pin From Net: NetName=GND Pin=U2-103
Removed Pin From Net: NetName=GND Pin=U2-104
Removed Pin From Net: NetName=GND Pin=U2-105
Removed Pin From Net: NetName=GND Pin=U2-106
Removed Pin From Net: NetName=GND Pin=U2-107
Removed Pin From Net: NetName=GND Pin=U2-108
Removed Pin From Net: NetName=GND Pin=U2-109
Removed Pin From Net: NetName=GND Pin=U2-110
Removed Pin From Net: NetName=GND Pin=U2-111
Removed Pin From Net: NetName=GND Pin=U2-112
Removed Member From Class: ClassName=4th_4G Member=C13
Removed Member From Class: ClassName=4th_4G Member=C14
Removed Member From Class: ClassName=4th_4G Member=C15
Removed Member From Class: ClassName=4th_4G Member=C16
Change Component DesignItemId : Designator=U2 Old DesignItemId=EC20 R2.0 New DesignItemId=EC800E-CN
Change Component Footprint: Designator=U2 Old Footprint=EC20_R2.0 New Footprint=EC800E-CN
Change Component Comment : Designator=R1 Old Comment=10K次/1% New Comment=4.7K次/1%
Change Component Comment : Designator=R2 Old Comment=10K次/1% New Comment=4.7K次/1%
Change Component Comment : Designator=R6 Old Comment=470次/1% New Comment=2.2K次/1%
Change Component Comment : Designator=U2 Old Comment=EC20 R2.0 New Comment=EC800E-CN
Added Component: Designator=D7(0603_D)
Added Component: Designator=Q4(SOT-23-3)
Added Component: Designator=Q5(SOT-23-3)
Added Component: Designator=R9(0603_R)
Added Component: Designator=R10(0603_R)
Added Component: Designator=R11(0603_R)
Added Component: Designator=R12(0603_R)
Added Component: Designator=R13(0603_R)
Added Component: Designator=R14(0603_R)
Added Pin To Net: NetName=GND Pin=C1-1
Added Pin To Net: NetName=VBAT_BB Pin=D7-1
Added Pin To Net: NetName=GND Pin=Q4-2
Added Pin To Net: NetName=GND Pin=Q5-2
Added Pin To Net: NetName=NetD5_2 Pin=R6-1
Added Pin To Net: NetName=GND Pin=R10-1
Added Pin To Net: NetName=GND Pin=R11-1
Added Pin To Net: NetName=GND Pin=R12-1
Added Pin To Net: NetName=GND Pin=R13-1
Added Pin To Net: NetName=GND Pin=R14-1
Added Pin To Net: NetName=NetQ3_1 Pin=R14-2
Added Pin To Net: NetName=GND Pin=U1-4
Added Pin To Net: NetName=GND Pin=U2-1
Added Pin To Net: NetName=PWRKEY Pin=U2-7
Added Pin To Net: NetName=GND Pin=U2-10
Added Pin To Net: NetName=USIM_DATA Pin=U2-11
Added Pin To Net: NetName=USIM_RST Pin=U2-12
Added Pin To Net: NetName=USIM_CLK Pin=U2-13
Added Pin To Net: NetName=RESET_EN Pin=U2-15
Added Pin To Net: NetName=GND Pin=U2-16
Added Pin To Net: NetName=RXD Pin=U2-17
Added Pin To Net: NetName=TXD Pin=U2-18
Added Pin To Net: NetName=VDD_EXT Pin=U2-24
Added Pin To Net: NetName=GND Pin=U2-25
Added Pin To Net: NetName=GND Pin=U2-27
Added Pin To Net: NetName=GND Pin=U2-34
Added Pin To Net: NetName=ANT_MAIN Pin=U2-35
Added Pin To Net: NetName=GND Pin=U2-37
Added Pin To Net: NetName=GND Pin=U2-40
Added Pin To Net: NetName=GND Pin=U2-41
Added Pin To Net: NetName=GND Pin=U2-45
Added Pin To Net: NetName=GND Pin=U2-47
Added Pin To Net: NetName=GND Pin=U2-70
Added Pin To Net: NetName=GND Pin=U2-71
Added Pin To Net: NetName=GND Pin=U2-73
Added Pin To Net: NetName=NetD7_2 Pin=D7-2
Added Pin To Net: NetName=NetD7_2 Pin=R9-1
Added Net: Name=NetD7_2
Added Pin To Net: NetName=NetQ4_1 Pin=Q4-1
Added Pin To Net: NetName=NetQ4_1 Pin=R10-2
Added Pin To Net: NetName=NetQ4_1 Pin=R11-2
Added Net: Name=NetQ4_1
Added Pin To Net: NetName=NetQ4_3 Pin=Q4-3
Added Pin To Net: NetName=NetQ4_3 Pin=R9-2
Added Net: Name=NetQ4_3
Added Pin To Net: NetName=NetQ5_1 Pin=Q5-1
Added Pin To Net: NetName=NetQ5_1 Pin=R12-2
Added Pin To Net: NetName=NetQ5_1 Pin=R13-2
Added Net: Name=NetQ5_1
Added Pin To Net: NetName=NetQ5_3 Pin=Q5-3
Added Pin To Net: NetName=NetQ5_3 Pin=R6-2
Added Net: Name=NetQ5_3
Added Pin To Net: NetName=NetU2_42 Pin=U2-42
Added Pin To Net: NetName=NetU2_42 Pin=U2-43
Added Net: Name=NetU2_42
Added Pin To Net: NetName=USB_BOOT Pin=U2-82
Added Net: Name=USB_BOOT
Added Pin To Net: NetName=USB_DM Pin=U2-60
Added Net: Name=USB_DM
Added Pin To Net: NetName=USB_DP Pin=U2-59
Added Net: Name=USB_DP
Added Pin To Net: NetName=USIM_DET Pin=U2-79
Added Net: Name=USIM_DET
Added Member To Class: ClassName=4th_4G Member=Component D7 啞伎
Added Member To Class: ClassName=4th_4G Member=Component Q4 BC817-40
Added Member To Class: ClassName=4th_4G Member=Component Q5 BC817-40
Added Member To Class: ClassName=4th_4G Member=Component R9 2.2K次/1%
Added Member To Class: ClassName=4th_4G Member=Component R10 4.7K次/1%
Added Member To Class: ClassName=4th_4G Member=Component R11 47K次/1%
Added Member To Class: ClassName=4th_4G Member=Component R12 4.7K次/1%
Added Member To Class: ClassName=4th_4G Member=Component R13 47K次/1%
Added Member To Class: ClassName=4th_4G Member=Component R14 47K次/1%
Added Room: Name=4th_4G
